<?xml version="1.0" encoding="UTF-8"?>
<!-- Generated by org.testng.reporters.JUnitXMLReporter -->
<testsuite hostname="DESKTOP-M3HK27G" ignored="4" name="DomesticFlight" tests="2" failures="0" timestamp="18 Feb 2019 19:16:03 GMT" time="25.252" errors="0">
  <testcase name="check_same_from_to" time="10.001" classname="OneWay.domesticFlight"/>
  <testcase name="check_different_from_to_no_data" time="9.844" classname="OneWay.domesticFlight"/>
  <testcase name="check_different_from_to_have_data_vn" time="0.0" classname="OneWay.domesticFlight">
    <ignored/>
  </testcase> <!-- check_different_from_to_have_data_vn -->
  <testcase name="check_different_from_to_have_no_data_vj" time="0.0" classname="OneWay.domesticFlight">
    <ignored/>
  </testcase> <!-- check_different_from_to_have_no_data_vj -->
  <testcase name="check_different_from_to_have_no_data_vn" time="0.0" classname="OneWay.domesticFlight">
    <ignored/>
  </testcase> <!-- check_different_from_to_have_no_data_vn -->
  <testcase name="check_different_from_to_have_data_vj" time="0.0" classname="OneWay.domesticFlight">
    <ignored/>
  </testcase> <!-- check_different_from_to_have_data_vj -->
</testsuite> <!-- DomesticFlight -->
